\BOOKMARK [0][-]{chapter*.1}{\376\377\000P\000r\000\351\000a\000m\000b\000u\000l\000e}{}% 1
\BOOKMARK [0][-]{chapter*.2}{\376\377\000A\000u\000t\000h\000e\000n\000t\000i\000f\000i\000c\000a\000t\000i\000o\000n}{}% 2
\BOOKMARK [0][-]{chapter*.3}{\376\377\000R\000\351\000s\000u\000m\000\351}{}% 3
\BOOKMARK [0][-]{chapter.1}{\376\377\000I\000n\000t\000r\000o\000d\000u\000c\000t\000i\000o\000n}{}% 4
\BOOKMARK [0][-]{chapter.2}{\376\377\0003\000D\000\040\000T\000i\000l\000e\000s}{}% 5
\BOOKMARK [1][-]{section.2.1}{\376\377\000S\000p\000\351\000c\000i\000f\000i\000c\000a\000t\000i\000o\000n\000\040\0003\000D\000\040\000T\000i\000l\000e\000s\000\040\000N\000e\000x\000t}{chapter.2}% 6
\BOOKMARK [1][-]{section.2.2}{\376\377\000I\000m\000p\000l\000i\000c\000i\000t\000\040\000T\000i\000l\000i\000n\000g}{chapter.2}% 7
\BOOKMARK [2][-]{subsection.2.2.1}{\376\377\000N\000o\000u\000v\000e\000a\000u\000t\000\351\000s\000\040\000d\000e\000\040\000l\000a\000\040\000v\000e\000r\000s\000i\000o\000n\000\040\0001\000.\0001\000\040\000d\000e\000\040\0003\000D\000\040\000T\000i\000l\000e\000s}{section.2.2}% 8
\BOOKMARK [2][-]{subsection.2.2.2}{\376\377\000A\000v\000a\000n\000t\000a\000g\000e\000s\000\040\000e\000t\000\040\000i\000n\000c\000o\000n\000v\000\351\000n\000i\000e\000n\000t\000s\000\040\000d\000e\000\040\000l\000'\000i\000m\000p\000l\000i\000c\000i\000t\000\040\000t\000i\000l\000i\000n\000g}{section.2.2}% 9
\BOOKMARK [1][-]{section.2.3}{\376\377\000L\000e\000v\000e\000l\000\040\000o\000f\000\040\000D\000e\000t\000a\000i\000l}{chapter.2}% 10
\BOOKMARK [1][-]{section.2.4}{\376\377\0003\000D\000T\000I\000L\000E\000S\000\137\000b\000o\000u\000n\000d\000i\000n\000g\000\137\000v\000o\000l\000u\000m\000e\000\137\000S\0002\000\040\000e\000x\000t\000e\000n\000s\000i\000o\000n}{chapter.2}% 11
\BOOKMARK [1][-]{section.2.5}{\376\377\000D\000a\000t\000a\000b\000a\000s\000e}{chapter.2}% 12
\BOOKMARK [2][-]{subsection.2.5.1}{\376\377\000D\000o\000n\000n\000\351\000e\000s\000\040\000O\000S\000M}{section.2.5}% 13
\BOOKMARK [2][-]{subsection.2.5.2}{\376\377\000D\000o\000n\000n\000\351\000e\000s\000\040\000g\000\351\000n\000\351\000r\000\351\000e\000s}{section.2.5}% 14
\BOOKMARK [1][-]{section.2.6}{\376\377\000C\000r\000\351\000a\000t\000i\000o\000n\000\040\000d\000e\000s\000\040\000f\000i\000c\000h\000i\000e\000r\000s\000\040\000g\000l\000T\000F}{chapter.2}% 15
\BOOKMARK [2][-]{subsection.2.6.1}{\376\377\000S\000y\000s\000t\000\350\000m\000e\000\040\000d\000e\000\040\000c\000o\000m\000p\000r\000e\000s\000s\000i\000o\000n\000\040\000d\000e\000s\000\040\000g\000\351\000o\000m\000\351\000t\000r\000i\000e\000s\000\040\000d\000e\000s\000\040\000b\000\342\000t\000i\000m\000e\000n\000t\000s}{section.2.6}% 16
\BOOKMARK [2][-]{subsection.2.6.2}{\376\377\000G\000\351\000o\000m\000\351\000t\000r\000i\000e\000s\000\040\000d\000e\000s\000\040\000b\000\342\000t\000i\000m\000e\000n\000t\000s}{section.2.6}% 17
\BOOKMARK [2][-]{subsection.2.6.3}{\376\377\000H\000a\000u\000t\000e\000u\000r\000\040\000d\000e\000s\000\040\000b\000\342\000t\000i\000m\000e\000n\000t\000s}{section.2.6}% 18
\BOOKMARK [0][-]{chapter.3}{\376\377\000S\000u\000b\000t\000r\000e\000e\000s}{}% 19
\BOOKMARK [1][-]{section.3.1}{\376\377\000I\000n\000t\000r\000o\000d\000u\000c\000t\000i\000o\000n}{chapter.3}% 20
\BOOKMARK [1][-]{section.3.2}{\376\377\000S\000u\000b\000t\000r\000e\000e\000\040\000C\000l\000a\000s\000s}{chapter.3}% 21
\BOOKMARK [1][-]{section.3.3}{\376\377\000M\000o\000r\000t\000o\000n\000\040\000I\000n\000d\000e\000x}{chapter.3}% 22
\BOOKMARK [1][-]{section.3.4}{\376\377\000A\000v\000a\000i\000l\000a\000b\000i\000l\000i\000t\000i\000e\000s}{chapter.3}% 23
\BOOKMARK [1][-]{section.3.5}{\376\377\000T\000r\000a\000n\000s\000m\000i\000s\000s\000i\000o\000n}{chapter.3}% 24
\BOOKMARK [0][-]{chapter.4}{\376\377\000C\000o\000n\000c\000l\000u\000s\000i\000o\000n}{}% 25
\BOOKMARK [0][-]{section*.12}{\376\377\000A\000p\000p\000e\000n\000d\000i\000c\000e\000s}{}% 26
